Started GET "/" for ::1 at 2019-06-02 11:26:54 -0300
Processing by Rails::WelcomeController#index as HTML
  Rendering /Users/lukas/.rbenv/versions/2.6.1/lib/ruby/gems/2.6.0/gems/railties-5.2.3/lib/rails/templates/rails/welcome/index.html.erb
  Rendered /Users/lukas/.rbenv/versions/2.6.1/lib/ruby/gems/2.6.0/gems/railties-5.2.3/lib/rails/templates/rails/welcome/index.html.erb (5.7ms)
Completed 200 OK in 28ms (Views: 14.0ms | ActiveRecord: 0.0ms)


Started GET "/" for 127.0.0.1 at 2019-06-02 11:41:24 -0300
Processing by PagesController#index as HTML
  Rendering pages/index.html.erb within layouts/application
  Rendered pages/index.html.erb within layouts/application (3.5ms)
Completed 200 OK in 981ms (Views: 967.2ms | ActiveRecord: 0.0ms)


Started GET "/" for 127.0.0.1 at 2019-06-02 11:43:44 -0300
Processing by PagesController#index as HTML
  Rendering pages/index.html.erb within layouts/application
  Rendered pages/index.html.erb within layouts/application (3.0ms)
Completed 200 OK in 364ms (Views: 354.6ms | ActiveRecord: 0.0ms)


Started GET "/explore" for 127.0.0.1 at 2019-06-02 11:44:13 -0300
Processing by PagesController#explore as HTML
  Rendering pages/explore.html.erb within layouts/application
  Rendered pages/explore.html.erb within layouts/application (0.3ms)
Completed 200 OK in 21ms (Views: 18.4ms | ActiveRecord: 0.0ms)


